<?xml version="1.0" encoding="UTF-8"?>
<!-- Generated by org.testng.reporters.JUnitReportReporter -->
<testsuite hostname="NishaAbishek" failures="0" tests="3" name="com.naveenautomationlabs.NaveenAutomationFramework.Tests.MyAccountTest" time="20.426" errors="0" timestamp="2023-07-16T01:53:26 EDT" skipped="0">
  <testcase classname="com.naveenautomationlabs.NaveenAutomationFramework.Tests.MyAccountTest" name="validateLoginWithValidCredential" time="6.234"/>
  <system-out/>
  <testcase classname="com.naveenautomationlabs.NaveenAutomationFramework.Tests.MyAccountTest" name="validateLoginToPortalAfterRegistration" time="8.024"/>
  <system-out/>
  <testcase classname="com.naveenautomationlabs.NaveenAutomationFramework.Tests.MyAccountTest" name="validateMyAccountPage" time="6.168"/>
  <system-out/>
</testsuite> <!-- com.naveenautomationlabs.NaveenAutomationFramework.Tests.MyAccountTest -->
