<?xml version="1.0" encoding="UTF-8"?>
<!-- Generated by org.testng.reporters.JUnitReportReporter -->
<testsuite hostname="NishaAbishek" failures="0" tests="1" name="com.naveenautomationlabs.NaveenAutomationFramework.Tests.MacBookTest" time="5.739" errors="0" timestamp="2023-07-16T01:53:26 EDT" skipped="0">
  <testcase classname="com.naveenautomationlabs.NaveenAutomationFramework.Tests.MacBookTest" name="validateMacBookPage" time="5.739"/>
  <system-out/>
</testsuite> <!-- com.naveenautomationlabs.NaveenAutomationFramework.Tests.MacBookTest -->
