<?xml version="1.0" encoding="UTF-8"?>
<!-- Generated by org.testng.reporters.JUnitReportReporter -->
<testsuite hostname="NishaAbishek" failures="0" tests="1" name="com.naveenautomationlabs.NaveenAutomationFramework.Tests.YourStoreTest" time="5.361" errors="0" timestamp="2023-07-02T14:53:55 EDT" skipped="0">
  <testcase classname="com.naveenautomationlabs.NaveenAutomationFramework.Tests.YourStoreTest" name="verifyRedBullImageIsDisplayed" time="5.361"/>
  <system-out/>
</testsuite> <!-- com.naveenautomationlabs.NaveenAutomationFramework.Tests.YourStoreTest -->
