<?xml version="1.0" encoding="UTF-8"?>
<!-- Generated by org.testng.reporters.JUnitReportReporter -->
<testsuite hostname="NishaAbishek" failures="0" tests="1" name="com.naveenautomationlabs.NaveenAutomationFramework.Tests.MyWishListTest" time="26.567" errors="0" timestamp="2023-07-16T01:53:26 EDT" skipped="0">
  <testcase classname="com.naveenautomationlabs.NaveenAutomationFramework.Tests.MyWishListTest" name="validateItemsCanRemoveFromWishList" time="26.567"/>
  <system-out/>
</testsuite> <!-- com.naveenautomationlabs.NaveenAutomationFramework.Tests.MyWishListTest -->
